{"F:\\代码\\vue-web\\src\\apis\\Item.js": {"path":"F:\\代码\\vue-web\\src\\apis\\Item.js","statementMap":{"0":{"start":{"line":4,"column":14},"end":{"line":4,"column":49}},"1":{"start":{"line":5,"column":17},"end":{"line":5,"column":51}},"2":{"start":{"line":6,"column":14},"end":{"line":6,"column":81}},"3":{"start":{"line":7,"column":2},"end":{"line":7,"column":13}},"4":{"start":{"line":11,"column":14},"end":{"line":11,"column":49}},"5":{"start":{"line":12,"column":17},"end":{"line":12,"column":28}},"6":{"start":{"line":13,"column":14},"end":{"line":13,"column":74}},"7":{"start":{"line":14,"column":2},"end":{"line":14,"column":13}}},"fnMap":{"0":{"name":"getList","decl":{"start":{"line":3,"column":22},"end":{"line":3,"column":29}},"loc":{"start":{"line":3,"column":41},"end":{"line":8,"column":1}},"line":3},"1":{"name":"postItem","decl":{"start":{"line":10,"column":22},"end":{"line":10,"column":30}},"loc":{"start":{"line":10,"column":42},"end":{"line":15,"column":1}},"line":10}},"branchMap":{"0":{"loc":{"start":{"line":3,"column":30},"end":{"line":3,"column":39}},"type":"default-arg","locations":[{"start":{"line":3,"column":37},"end":{"line":3,"column":39}}],"line":3},"1":{"loc":{"start":{"line":10,"column":31},"end":{"line":10,"column":40}},"type":"default-arg","locations":[{"start":{"line":10,"column":38},"end":{"line":10,"column":40}}],"line":10}},"s":{"0":0,"1":0,"2":0,"3":0,"4":0,"5":0,"6":0,"7":0},"f":{"0":0,"1":0},"b":{"0":[0],"1":[0]}}
,"F:\\代码\\vue-web\\src\\components\\Txt\\index.vue": {"path":"F:\\代码\\vue-web\\src\\components\\Txt\\index.vue","statementMap":{"0":{"start":{"line":9,"column":0},"end":{"line":9,"column":null}}},"fnMap":{},"branchMap":{},"s":{"0":1},"f":{},"b":{}}
,"F:\\代码\\vue-web\\src\\pages\\Child\\index.vue": {"path":"F:\\代码\\vue-web\\src\\pages\\Child\\index.vue","statementMap":{"0":{"start":{"line":9,"column":0},"end":{"line":9,"column":null}}},"fnMap":{"0":{"name":"(anonymous_1)","decl":{"start":{"line":8,"column":0},"end":{"line":8,"column":null}},"loc":{"start":{"line":8,"column":0},"end":{"line":12,"column":null}}}},"branchMap":{},"s":{"0":0},"f":{"0":0},"b":{}}
,"F:\\代码\\vue-web\\src\\pages\\Login\\index.vue": {"path":"F:\\代码\\vue-web\\src\\pages\\Login\\index.vue","statementMap":{"0":{"start":{"line":13,"column":0},"end":{"line":13,"column":null}},"1":{"start":{"line":14,"column":0},"end":{"line":14,"column":null}},"2":{"start":{"line":15,"column":0},"end":{"line":15,"column":null}},"3":{"start":{"line":23,"column":0},"end":{"line":23,"column":null}},"4":{"start":{"line":28,"column":0},"end":{"line":28,"column":null}},"5":{"start":{"line":32,"column":0},"end":{"line":32,"column":null}},"6":{"start":{"line":34,"column":0},"end":{"line":34,"column":null}},"7":{"start":{"line":35,"column":0},"end":{"line":35,"column":null}}},"fnMap":{"0":{"name":"(anonymous_1)","decl":{"start":{"line":22,"column":0},"end":{"line":22,"column":null}},"loc":{"start":{"line":22,"column":0},"end":{"line":26,"column":null}}},"1":{"name":"(anonymous_2)","decl":{"start":{"line":27,"column":0},"end":{"line":27,"column":null}},"loc":{"start":{"line":27,"column":0},"end":{"line":29,"column":null}}},"2":{"name":"(anonymous_3)","decl":{"start":{"line":31,"column":0},"end":{"line":31,"column":null}},"loc":{"start":{"line":31,"column":0},"end":{"line":36,"column":null}}}},"branchMap":{},"s":{"0":0,"1":0,"2":0,"3":0,"4":0,"5":0,"6":0,"7":0},"f":{"0":0,"1":0,"2":0},"b":{}}
,"F:\\代码\\vue-web\\src\\pages\\Main\\index.vue": {"path":"F:\\代码\\vue-web\\src\\pages\\Main\\index.vue","statementMap":{"0":{"start":{"line":9,"column":0},"end":{"line":9,"column":null}}},"fnMap":{"0":{"name":"(anonymous_1)","decl":{"start":{"line":8,"column":0},"end":{"line":8,"column":null}},"loc":{"start":{"line":8,"column":0},"end":{"line":12,"column":null}}}},"branchMap":{},"s":{"0":0},"f":{"0":0},"b":{}}
,"F:\\代码\\vue-web\\src\\pages\\Other\\index.vue": {"path":"F:\\代码\\vue-web\\src\\pages\\Other\\index.vue","statementMap":{"0":{"start":{"line":9,"column":0},"end":{"line":9,"column":null}}},"fnMap":{"0":{"name":"(anonymous_1)","decl":{"start":{"line":8,"column":0},"end":{"line":8,"column":null}},"loc":{"start":{"line":8,"column":0},"end":{"line":12,"column":null}}}},"branchMap":{},"s":{"0":0},"f":{"0":0},"b":{}}
,"F:\\代码\\vue-web\\src\\pages\\SubAPP\\index.vue": {"path":"F:\\代码\\vue-web\\src\\pages\\SubAPP\\index.vue","statementMap":{"0":{"start":{"line":6,"column":0},"end":{"line":6,"column":null}},"1":{"start":{"line":11,"column":0},"end":{"line":11,"column":null}},"2":{"start":{"line":17,"column":0},"end":{"line":17,"column":null}},"3":{"start":{"line":25,"column":0},"end":{"line":25,"column":null}},"4":{"start":{"line":27,"column":0},"end":{"line":36,"column":null}},"5":{"start":{"line":29,"column":0},"end":{"line":29,"column":null}},"6":{"start":{"line":31,"column":0},"end":{"line":35,"column":null}},"7":{"start":{"line":32,"column":0},"end":{"line":32,"column":null}}},"fnMap":{"0":{"name":"(anonymous_1)","decl":{"start":{"line":10,"column":0},"end":{"line":10,"column":null}},"loc":{"start":{"line":10,"column":0},"end":{"line":14,"column":null}}},"1":{"name":"(anonymous_2)","decl":{"start":{"line":15,"column":0},"end":{"line":15,"column":null}},"loc":{"start":{"line":15,"column":0},"end":{"line":37,"column":null}}},"2":{"name":"(anonymous_3)","decl":{"start":{"line":27,"column":0},"end":{"line":27,"column":null}},"loc":{"start":{"line":27,"column":0},"end":{"line":36,"column":null}}},"3":{"name":"(anonymous_4)","decl":{"start":{"line":31,"column":0},"end":{"line":31,"column":null}},"loc":{"start":{"line":31,"column":0},"end":{"line":35,"column":null}}}},"branchMap":{},"s":{"0":0,"1":0,"2":0,"3":0,"4":0,"5":0,"6":0,"7":0},"f":{"0":0,"1":0,"2":0,"3":0},"b":{}}
,"F:\\代码\\vue-web\\src\\stores\\Item.js": {"path":"F:\\代码\\vue-web\\src\\stores\\Item.js","statementMap":{"0":{"start":{"line":6,"column":9},"end":{"line":6,"column":11}},"1":{"start":{"line":9,"column":18},"end":{"line":21,"column":3}},"2":{"start":{"line":10,"column":4},"end":{"line":20,"column":5}},"3":{"start":{"line":11,"column":18},"end":{"line":11,"column":39}},"4":{"start":{"line":13,"column":6},"end":{"line":15,"column":9}},"5":{"start":{"line":14,"column":8},"end":{"line":14,"column":29}},"6":{"start":{"line":17,"column":6},"end":{"line":17,"column":39}},"7":{"start":{"line":19,"column":6},"end":{"line":19,"column":32}}},"fnMap":{"0":{"name":"(anonymous_0)","decl":{"start":{"line":9,"column":18},"end":{"line":9,"column":19}},"loc":{"start":{"line":9,"column":55},"end":{"line":21,"column":3}},"line":9},"1":{"name":"(anonymous_1)","decl":{"start":{"line":13,"column":18},"end":{"line":13,"column":19}},"loc":{"start":{"line":13,"column":24},"end":{"line":15,"column":7}},"line":13}},"branchMap":{"0":{"loc":{"start":{"line":17,"column":6},"end":{"line":17,"column":38}},"type":"binary-expr","locations":[{"start":{"line":17,"column":6},"end":{"line":17,"column":15}},{"start":{"line":17,"column":19},"end":{"line":17,"column":38}}],"line":17},"1":{"loc":{"start":{"line":19,"column":6},"end":{"line":19,"column":31}},"type":"binary-expr","locations":[{"start":{"line":19,"column":6},"end":{"line":19,"column":13}},{"start":{"line":19,"column":17},"end":{"line":19,"column":31}}],"line":19}},"s":{"0":0,"1":0,"2":0,"3":0,"4":0,"5":0,"6":0,"7":0},"f":{"0":0,"1":0},"b":{"0":[0,0],"1":[0,0]}}
,"F:\\代码\\vue-web\\src\\utils\\axios.js": {"path":"F:\\代码\\vue-web\\src\\utils\\axios.js","statementMap":{"0":{"start":{"line":5,"column":22},"end":{"line":5,"column":60}},"1":{"start":{"line":7,"column":17},"end":{"line":7,"column":33}},"2":{"start":{"line":8,"column":24},"end":{"line":8,"column":43}},"3":{"start":{"line":9,"column":21},"end":{"line":9,"column":29}},"4":{"start":{"line":10,"column":17},"end":{"line":10,"column":30}},"5":{"start":{"line":13,"column":2},"end":{"line":15,"column":3}},"6":{"start":{"line":14,"column":4},"end":{"line":14,"column":15}},"7":{"start":{"line":17,"column":2},"end":{"line":21,"column":3}},"8":{"start":{"line":18,"column":4},"end":{"line":18,"column":66}},"9":{"start":{"line":20,"column":4},"end":{"line":20,"column":52}},"10":{"start":{"line":25,"column":2},"end":{"line":32,"column":5}},"11":{"start":{"line":29,"column":4},"end":{"line":29,"column":17}},"12":{"start":{"line":31,"column":4},"end":{"line":31,"column":14}},"13":{"start":{"line":35,"column":17},"end":{"line":41,"column":2}},"14":{"start":{"line":43,"column":0},"end":{"line":80,"column":2}},"15":{"start":{"line":46,"column":4},"end":{"line":50,"column":5}},"16":{"start":{"line":47,"column":6},"end":{"line":47,"column":51}},"17":{"start":{"line":49,"column":6},"end":{"line":49,"column":51}},"18":{"start":{"line":53,"column":16},"end":{"line":53,"column":18}},"19":{"start":{"line":54,"column":4},"end":{"line":58,"column":5}},"20":{"start":{"line":55,"column":6},"end":{"line":55,"column":51}},"21":{"start":{"line":56,"column":11},"end":{"line":58,"column":5}},"22":{"start":{"line":57,"column":6},"end":{"line":57,"column":25}},"23":{"start":{"line":60,"column":4},"end":{"line":72,"column":5}},"24":{"start":{"line":61,"column":6},"end":{"line":61,"column":58}},"25":{"start":{"line":62,"column":6},"end":{"line":62,"column":55}},"26":{"start":{"line":65,"column":6},"end":{"line":71,"column":7}},"27":{"start":{"line":66,"column":8},"end":{"line":70,"column":9}},"28":{"start":{"line":67,"column":10},"end":{"line":67,"column":90}},"29":{"start":{"line":68,"column":15},"end":{"line":70,"column":9}},"30":{"start":{"line":69,"column":10},"end":{"line":69,"column":90}},"31":{"start":{"line":74,"column":4},"end":{"line":74,"column":39}},"32":{"start":{"line":75,"column":4},"end":{"line":75,"column":18}},"33":{"start":{"line":78,"column":4},"end":{"line":78,"column":33}},"34":{"start":{"line":82,"column":0},"end":{"line":108,"column":2}},"35":{"start":{"line":84,"column":4},"end":{"line":97,"column":5}},"36":{"start":{"line":85,"column":6},"end":{"line":85,"column":27}},"37":{"start":{"line":86,"column":11},"end":{"line":97,"column":5}},"38":{"start":{"line":88,"column":6},"end":{"line":94,"column":7}},"39":{"start":{"line":89,"column":8},"end":{"line":89,"column":38}},"40":{"start":{"line":90,"column":8},"end":{"line":90,"column":99}},"41":{"start":{"line":91,"column":13},"end":{"line":94,"column":7}},"42":{"start":{"line":92,"column":8},"end":{"line":92,"column":38}},"43":{"start":{"line":93,"column":8},"end":{"line":93,"column":99}},"44":{"start":{"line":96,"column":6},"end":{"line":96,"column":43}},"45":{"start":{"line":100,"column":14},"end":{"line":103,"column":5}},"46":{"start":{"line":104,"column":4},"end":{"line":104,"column":42}},"47":{"start":{"line":106,"column":4},"end":{"line":106,"column":31}},"48":{"start":{"line":110,"column":19},"end":{"line":110,"column":31}},"49":{"start":{"line":111,"column":20},"end":{"line":111,"column":33}},"50":{"start":{"line":112,"column":19},"end":{"line":112,"column":31}},"51":{"start":{"line":113,"column":22},"end":{"line":113,"column":37}}},"fnMap":{"0":{"name":"withProxy","decl":{"start":{"line":12,"column":9},"end":{"line":12,"column":18}},"loc":{"start":{"line":12,"column":29},"end":{"line":22,"column":1}},"line":12},"1":{"name":"getToken","decl":{"start":{"line":24,"column":9},"end":{"line":24,"column":17}},"loc":{"start":{"line":24,"column":20},"end":{"line":33,"column":1}},"line":24},"2":{"name":"(anonymous_2)","decl":{"start":{"line":28,"column":10},"end":{"line":28,"column":11}},"loc":{"start":{"line":28,"column":19},"end":{"line":30,"column":3}},"line":28},"3":{"name":"(anonymous_3)","decl":{"start":{"line":30,"column":11},"end":{"line":30,"column":12}},"loc":{"start":{"line":30,"column":17},"end":{"line":32,"column":3}},"line":30},"4":{"name":"(anonymous_4)","decl":{"start":{"line":44,"column":2},"end":{"line":44,"column":3}},"loc":{"start":{"line":44,"column":12},"end":{"line":76,"column":3}},"line":44},"5":{"name":"(anonymous_5)","decl":{"start":{"line":77,"column":2},"end":{"line":77,"column":3}},"loc":{"start":{"line":77,"column":11},"end":{"line":79,"column":3}},"line":77},"6":{"name":"(anonymous_6)","decl":{"start":{"line":83,"column":2},"end":{"line":83,"column":3}},"loc":{"start":{"line":83,"column":14},"end":{"line":98,"column":3}},"line":83},"7":{"name":"(anonymous_7)","decl":{"start":{"line":99,"column":2},"end":{"line":99,"column":3}},"loc":{"start":{"line":99,"column":11},"end":{"line":107,"column":3}},"line":99}},"branchMap":{"0":{"loc":{"start":{"line":12,"column":19},"end":{"line":12,"column":27}},"type":"default-arg","locations":[{"start":{"line":12,"column":25},"end":{"line":12,"column":27}}],"line":12},"1":{"loc":{"start":{"line":13,"column":2},"end":{"line":15,"column":3}},"type":"if","locations":[{"start":{"line":13,"column":2},"end":{"line":15,"column":3}},{"start":{"line":13,"column":2},"end":{"line":15,"column":3}}],"line":13},"2":{"loc":{"start":{"line":17,"column":2},"end":{"line":21,"column":3}},"type":"if","locations":[{"start":{"line":17,"column":2},"end":{"line":21,"column":3}},{"start":{"line":17,"column":2},"end":{"line":21,"column":3}}],"line":17},"3":{"loc":{"start":{"line":18,"column":11},"end":{"line":18,"column":65}},"type":"cond-expr","locations":[{"start":{"line":18,"column":27},"end":{"line":18,"column":30}},{"start":{"line":18,"column":33},"end":{"line":18,"column":65}}],"line":18},"4":{"loc":{"start":{"line":20,"column":11},"end":{"line":20,"column":51}},"type":"cond-expr","locations":[{"start":{"line":20,"column":27},"end":{"line":20,"column":45}},{"start":{"line":20,"column":48},"end":{"line":20,"column":51}}],"line":20},"5":{"loc":{"start":{"line":46,"column":4},"end":{"line":50,"column":5}},"type":"if","locations":[{"start":{"line":46,"column":4},"end":{"line":50,"column":5}},{"start":{"line":46,"column":4},"end":{"line":50,"column":5}}],"line":46},"6":{"loc":{"start":{"line":54,"column":4},"end":{"line":58,"column":5}},"type":"if","locations":[{"start":{"line":54,"column":4},"end":{"line":58,"column":5}},{"start":{"line":54,"column":4},"end":{"line":58,"column":5}}],"line":54},"7":{"loc":{"start":{"line":56,"column":11},"end":{"line":58,"column":5}},"type":"if","locations":[{"start":{"line":56,"column":11},"end":{"line":58,"column":5}},{"start":{"line":56,"column":11},"end":{"line":58,"column":5}}],"line":56},"8":{"loc":{"start":{"line":60,"column":4},"end":{"line":72,"column":5}},"type":"if","locations":[{"start":{"line":60,"column":4},"end":{"line":72,"column":5}},{"start":{"line":60,"column":4},"end":{"line":72,"column":5}}],"line":60},"9":{"loc":{"start":{"line":65,"column":6},"end":{"line":71,"column":7}},"type":"if","locations":[{"start":{"line":65,"column":6},"end":{"line":71,"column":7}},{"start":{"line":65,"column":6},"end":{"line":71,"column":7}}],"line":65},"10":{"loc":{"start":{"line":66,"column":8},"end":{"line":70,"column":9}},"type":"if","locations":[{"start":{"line":66,"column":8},"end":{"line":70,"column":9}},{"start":{"line":66,"column":8},"end":{"line":70,"column":9}}],"line":66},"11":{"loc":{"start":{"line":67,"column":17},"end":{"line":67,"column":89}},"type":"binary-expr","locations":[{"start":{"line":67,"column":17},"end":{"line":67,"column":47}},{"start":{"line":67,"column":51},"end":{"line":67,"column":89}}],"line":67},"12":{"loc":{"start":{"line":68,"column":15},"end":{"line":70,"column":9}},"type":"if","locations":[{"start":{"line":68,"column":15},"end":{"line":70,"column":9}},{"start":{"line":68,"column":15},"end":{"line":70,"column":9}}],"line":68},"13":{"loc":{"start":{"line":69,"column":17},"end":{"line":69,"column":89}},"type":"binary-expr","locations":[{"start":{"line":69,"column":17},"end":{"line":69,"column":47}},{"start":{"line":69,"column":51},"end":{"line":69,"column":89}}],"line":69},"14":{"loc":{"start":{"line":84,"column":4},"end":{"line":97,"column":5}},"type":"if","locations":[{"start":{"line":84,"column":4},"end":{"line":97,"column":5}},{"start":{"line":84,"column":4},"end":{"line":97,"column":5}}],"line":84},"15":{"loc":{"start":{"line":86,"column":11},"end":{"line":97,"column":5}},"type":"if","locations":[{"start":{"line":86,"column":11},"end":{"line":97,"column":5}},{"start":{"line":86,"column":11},"end":{"line":97,"column":5}}],"line":86},"16":{"loc":{"start":{"line":88,"column":6},"end":{"line":94,"column":7}},"type":"if","locations":[{"start":{"line":88,"column":6},"end":{"line":94,"column":7}},{"start":{"line":88,"column":6},"end":{"line":94,"column":7}}],"line":88},"17":{"loc":{"start":{"line":90,"column":15},"end":{"line":90,"column":98}},"type":"binary-expr","locations":[{"start":{"line":90,"column":15},"end":{"line":90,"column":47}},{"start":{"line":90,"column":51},"end":{"line":90,"column":98}}],"line":90},"18":{"loc":{"start":{"line":91,"column":13},"end":{"line":94,"column":7}},"type":"if","locations":[{"start":{"line":91,"column":13},"end":{"line":94,"column":7}},{"start":{"line":91,"column":13},"end":{"line":94,"column":7}}],"line":91},"19":{"loc":{"start":{"line":93,"column":15},"end":{"line":93,"column":98}},"type":"binary-expr","locations":[{"start":{"line":93,"column":15},"end":{"line":93,"column":47}},{"start":{"line":93,"column":51},"end":{"line":93,"column":98}}],"line":93}},"s":{"0":0,"1":0,"2":0,"3":0,"4":0,"5":0,"6":0,"7":0,"8":0,"9":0,"10":0,"11":0,"12":0,"13":0,"14":0,"15":0,"16":0,"17":0,"18":0,"19":0,"20":0,"21":0,"22":0,"23":0,"24":0,"25":0,"26":0,"27":0,"28":0,"29":0,"30":0,"31":0,"32":0,"33":0,"34":0,"35":0,"36":0,"37":0,"38":0,"39":0,"40":0,"41":0,"42":0,"43":0,"44":0,"45":0,"46":0,"47":0,"48":0,"49":0,"50":0,"51":0},"f":{"0":0,"1":0,"2":0,"3":0,"4":0,"5":0,"6":0,"7":0},"b":{"0":[0],"1":[0,0],"2":[0,0],"3":[0,0],"4":[0,0],"5":[0,0],"6":[0,0],"7":[0,0],"8":[0,0],"9":[0,0],"10":[0,0],"11":[0,0],"12":[0,0],"13":[0,0],"14":[0,0],"15":[0,0],"16":[0,0],"17":[0,0],"18":[0,0],"19":[0,0]}}
,"F:\\代码\\vue-web\\src\\utils\\config.js": {"path":"F:\\代码\\vue-web\\src\\utils\\config.js","statementMap":{},"fnMap":{},"branchMap":{},"s":{},"f":{},"b":{}}
,"F:\\代码\\vue-web\\src\\utils\\getEndPoint.js": {"path":"F:\\代码\\vue-web\\src\\utils\\getEndPoint.js","statementMap":{"0":{"start":{"line":6,"column":2},"end":{"line":8,"column":3}},"1":{"start":{"line":7,"column":4},"end":{"line":7,"column":17}},"2":{"start":{"line":9,"column":2},"end":{"line":11,"column":3}},"3":{"start":{"line":10,"column":4},"end":{"line":10,"column":26}}},"fnMap":{"0":{"name":"getEndPoint","decl":{"start":{"line":5,"column":16},"end":{"line":5,"column":27}},"loc":{"start":{"line":5,"column":30},"end":{"line":12,"column":1}},"line":5}},"branchMap":{"0":{"loc":{"start":{"line":6,"column":2},"end":{"line":8,"column":3}},"type":"if","locations":[{"start":{"line":6,"column":2},"end":{"line":8,"column":3}},{"start":{"line":6,"column":2},"end":{"line":8,"column":3}}],"line":6},"1":{"loc":{"start":{"line":9,"column":2},"end":{"line":11,"column":3}},"type":"if","locations":[{"start":{"line":9,"column":2},"end":{"line":11,"column":3}},{"start":{"line":9,"column":2},"end":{"line":11,"column":3}}],"line":9}},"s":{"0":0,"1":0,"2":0,"3":0},"f":{"0":0},"b":{"0":[0,0],"1":[0,0]}}
}
